Grammar

    0 $accept: lines $end

    1 lines: lines ID ASSIGN expr
    2      | lines expr ';'
    3      | lines ';'
    4      | ε

    5 expr: expr ADD expr
    6     | expr SUB expr
    7     | expr MUL expr
    8     | expr DIV expr
    9     | LPARE expr RPARE
   10     | SUB expr
   11     | ID
   12     | NUMBER


Terminals, with rules where they appear

    $end (0) 0
    ';' (59) 2 3
    error (256)
    ADD (258) 5
    SUB (259) 6 10
    MUL (260) 7
    DIV (261) 8
    LPARE (262) 9
    RPARE (263) 9
    ASSIGN (264) 1
    NUMBER <doubleVal> (265) 12
    ID <str> (266) 1 11
    UMINUS (267)


Nonterminals, with rules where they appear

    $accept (14)
        on left: 0
    lines <doubleVal> (15)
        on left: 1 2 3 4
        on right: 0 1 2 3
    expr <doubleVal> (16)
        on left: 5 6 7 8 9 10 11 12
        on right: 1 2 5 6 7 8 9 10


State 0

    0 $accept: • lines $end

    $default  reduce using rule 4 (lines)

    lines  go to state 1


State 1

    0 $accept: lines • $end
    1 lines: lines • ID ASSIGN expr
    2      | lines • expr ';'
    3      | lines • ';'

    $end    shift, and go to state 2
    SUB     shift, and go to state 3
    LPARE   shift, and go to state 4
    NUMBER  shift, and go to state 5
    ID      shift, and go to state 6
    ';'     shift, and go to state 7

    expr  go to state 8


State 2

    0 $accept: lines $end •

    $default  accept


State 3

   10 expr: SUB • expr

    SUB     shift, and go to state 3
    LPARE   shift, and go to state 4
    NUMBER  shift, and go to state 5
    ID      shift, and go to state 9

    expr  go to state 10


State 4

    9 expr: LPARE • expr RPARE

    SUB     shift, and go to state 3
    LPARE   shift, and go to state 4
    NUMBER  shift, and go to state 5
    ID      shift, and go to state 9

    expr  go to state 11


State 5

   12 expr: NUMBER •

    $default  reduce using rule 12 (expr)


State 6

    1 lines: lines ID • ASSIGN expr
   11 expr: ID •

    ASSIGN  shift, and go to state 12

    $default  reduce using rule 11 (expr)


State 7

    3 lines: lines ';' •

    $default  reduce using rule 3 (lines)


State 8

    2 lines: lines expr • ';'
    5 expr: expr • ADD expr
    6     | expr • SUB expr
    7     | expr • MUL expr
    8     | expr • DIV expr

    ADD  shift, and go to state 13
    SUB  shift, and go to state 14
    MUL  shift, and go to state 15
    DIV  shift, and go to state 16
    ';'  shift, and go to state 17


State 9

   11 expr: ID •

    $default  reduce using rule 11 (expr)


State 10

    5 expr: expr • ADD expr
    6     | expr • SUB expr
    7     | expr • MUL expr
    8     | expr • DIV expr
   10     | SUB expr •

    $default  reduce using rule 10 (expr)


State 11

    5 expr: expr • ADD expr
    6     | expr • SUB expr
    7     | expr • MUL expr
    8     | expr • DIV expr
    9     | LPARE expr • RPARE

    ADD    shift, and go to state 13
    SUB    shift, and go to state 14
    MUL    shift, and go to state 15
    DIV    shift, and go to state 16
    RPARE  shift, and go to state 18


State 12

    1 lines: lines ID ASSIGN • expr

    SUB     shift, and go to state 3
    LPARE   shift, and go to state 4
    NUMBER  shift, and go to state 5
    ID      shift, and go to state 9

    expr  go to state 19


State 13

    5 expr: expr ADD • expr

    SUB     shift, and go to state 3
    LPARE   shift, and go to state 4
    NUMBER  shift, and go to state 5
    ID      shift, and go to state 9

    expr  go to state 20


State 14

    6 expr: expr SUB • expr

    SUB     shift, and go to state 3
    LPARE   shift, and go to state 4
    NUMBER  shift, and go to state 5
    ID      shift, and go to state 9

    expr  go to state 21


State 15

    7 expr: expr MUL • expr

    SUB     shift, and go to state 3
    LPARE   shift, and go to state 4
    NUMBER  shift, and go to state 5
    ID      shift, and go to state 9

    expr  go to state 22


State 16

    8 expr: expr DIV • expr

    SUB     shift, and go to state 3
    LPARE   shift, and go to state 4
    NUMBER  shift, and go to state 5
    ID      shift, and go to state 9

    expr  go to state 23


State 17

    2 lines: lines expr ';' •

    $default  reduce using rule 2 (lines)


State 18

    9 expr: LPARE expr RPARE •

    $default  reduce using rule 9 (expr)


State 19

    1 lines: lines ID ASSIGN expr •
    5 expr: expr • ADD expr
    6     | expr • SUB expr
    7     | expr • MUL expr
    8     | expr • DIV expr

    ADD  shift, and go to state 13
    SUB  shift, and go to state 14
    MUL  shift, and go to state 15
    DIV  shift, and go to state 16

    $default  reduce using rule 1 (lines)


State 20

    5 expr: expr • ADD expr
    5     | expr ADD expr •
    6     | expr • SUB expr
    7     | expr • MUL expr
    8     | expr • DIV expr

    MUL  shift, and go to state 15
    DIV  shift, and go to state 16

    $default  reduce using rule 5 (expr)


State 21

    5 expr: expr • ADD expr
    6     | expr • SUB expr
    6     | expr SUB expr •
    7     | expr • MUL expr
    8     | expr • DIV expr

    MUL  shift, and go to state 15
    DIV  shift, and go to state 16

    $default  reduce using rule 6 (expr)


State 22

    5 expr: expr • ADD expr
    6     | expr • SUB expr
    7     | expr • MUL expr
    7     | expr MUL expr •
    8     | expr • DIV expr

    $default  reduce using rule 7 (expr)


State 23

    5 expr: expr • ADD expr
    6     | expr • SUB expr
    7     | expr • MUL expr
    8     | expr • DIV expr
    8     | expr DIV expr •

    $default  reduce using rule 8 (expr)
