Terminals unused in grammar

    UMINUS


Grammar

    0 $accept: lines $end

    1 lines: lines expr ';'
    2      | lines ';'
    3      | ε

    4 expr: expr ADD expr
    5     | expr SUB expr
    6     | expr MUL expr
    7     | expr DIV expr
    8     | LPARE expr RPARE
    9     | NUMBER
   10     | ID


Terminals, with rules where they appear

    $end (0) 0
    ';' (59) 1 2
    error (256)
    NUMBER (258) 9
    ID (259) 10
    ADD (260) 4
    SUB (261) 5
    MUL (262) 6
    DIV (263) 7
    LPARE (264) 8
    RPARE (265) 8
    UMINUS (266)


Nonterminals, with rules where they appear

    $accept (13)
        on left: 0
    lines (14)
        on left: 1 2 3
        on right: 0 1 2
    expr (15)
        on left: 4 5 6 7 8 9 10
        on right: 1 4 5 6 7 8


State 0

    0 $accept: • lines $end

    $default  reduce using rule 3 (lines)

    lines  go to state 1


State 1

    0 $accept: lines • $end
    1 lines: lines • expr ';'
    2      | lines • ';'

    $end    shift, and go to state 2
    NUMBER  shift, and go to state 3
    ID      shift, and go to state 4
    LPARE   shift, and go to state 5
    ';'     shift, and go to state 6

    expr  go to state 7


State 2

    0 $accept: lines $end •

    $default  accept


State 3

    9 expr: NUMBER •

    $default  reduce using rule 9 (expr)


State 4

   10 expr: ID •

    $default  reduce using rule 10 (expr)


State 5

    8 expr: LPARE • expr RPARE

    NUMBER  shift, and go to state 3
    ID      shift, and go to state 4
    LPARE   shift, and go to state 5

    expr  go to state 8


State 6

    2 lines: lines ';' •

    $default  reduce using rule 2 (lines)


State 7

    1 lines: lines expr • ';'
    4 expr: expr • ADD expr
    5     | expr • SUB expr
    6     | expr • MUL expr
    7     | expr • DIV expr

    ADD  shift, and go to state 9
    SUB  shift, and go to state 10
    MUL  shift, and go to state 11
    DIV  shift, and go to state 12
    ';'  shift, and go to state 13


State 8

    4 expr: expr • ADD expr
    5     | expr • SUB expr
    6     | expr • MUL expr
    7     | expr • DIV expr
    8     | LPARE expr • RPARE

    ADD    shift, and go to state 9
    SUB    shift, and go to state 10
    MUL    shift, and go to state 11
    DIV    shift, and go to state 12
    RPARE  shift, and go to state 14


State 9

    4 expr: expr ADD • expr

    NUMBER  shift, and go to state 3
    ID      shift, and go to state 4
    LPARE   shift, and go to state 5

    expr  go to state 15


State 10

    5 expr: expr SUB • expr

    NUMBER  shift, and go to state 3
    ID      shift, and go to state 4
    LPARE   shift, and go to state 5

    expr  go to state 16


State 11

    6 expr: expr MUL • expr

    NUMBER  shift, and go to state 3
    ID      shift, and go to state 4
    LPARE   shift, and go to state 5

    expr  go to state 17


State 12

    7 expr: expr DIV • expr

    NUMBER  shift, and go to state 3
    ID      shift, and go to state 4
    LPARE   shift, and go to state 5

    expr  go to state 18


State 13

    1 lines: lines expr ';' •

    $default  reduce using rule 1 (lines)


State 14

    8 expr: LPARE expr RPARE •

    $default  reduce using rule 8 (expr)


State 15

    4 expr: expr • ADD expr
    4     | expr ADD expr •
    5     | expr • SUB expr
    6     | expr • MUL expr
    7     | expr • DIV expr

    MUL  shift, and go to state 11
    DIV  shift, and go to state 12

    $default  reduce using rule 4 (expr)


State 16

    4 expr: expr • ADD expr
    5     | expr • SUB expr
    5     | expr SUB expr •
    6     | expr • MUL expr
    7     | expr • DIV expr

    MUL  shift, and go to state 11
    DIV  shift, and go to state 12

    $default  reduce using rule 5 (expr)


State 17

    4 expr: expr • ADD expr
    5     | expr • SUB expr
    6     | expr • MUL expr
    6     | expr MUL expr •
    7     | expr • DIV expr

    $default  reduce using rule 6 (expr)


State 18

    4 expr: expr • ADD expr
    5     | expr • SUB expr
    6     | expr • MUL expr
    7     | expr • DIV expr
    7     | expr DIV expr •

    $default  reduce using rule 7 (expr)
